#
# There is insufficient memory for the Java Runtime Environment to continue.
# Native memory allocation (mmap) failed to map 268435456 bytes for G1 virtual space
# Possible reasons:
#   The system is out of physical RAM or swap space
#   The process is running with CompressedOops enabled, and the Java Heap may be blocking the growth of the native heap
# Possible solutions:
#   Reduce memory load on the system
#   Increase physical memory or swap space
#   Check if swap backing store is full
#   Decrease Java heap size (-Xmx/-Xms)
#   Decrease number of Java threads
#   Decrease Java thread stack sizes (-Xss)
#   Set larger code cache with -XX:ReservedCodeCacheSize=
#   JVM is running with Zero Based Compressed Oops mode in which the Java heap is
#     placed in the first 32GB address space. The Java Heap base address is the
#     maximum limit for the native heap growth. Please use -XX:HeapBaseMinAddress
#     to set the Java Heap base and to place the Java Heap above 32GB virtual address.
# This output file may be truncated or incomplete.
#
#  Out of Memory Error (os_windows.cpp:3469), pid=23572, tid=21400
#
# JRE version:  (17.0.1+12) (build )
# Java VM: Java HotSpot(TM) 64-Bit Server VM (17.0.1+12-LTS-39, mixed mode, sharing, tiered, compressed oops, compressed class ptrs, g1 gc, windows-amd64)
# No core dump will be written. Minidumps are not enabled by default on client versions of Windows
#

---------------  S U M M A R Y ------------

Command Line: -Dfile.encoding=Cp1252 --module-path=C:\Program Files (x86)\MySQL\Connector J 8.0\mysql-connector-j-8.0.31.jar -XX:+ShowCodeDetailsInExceptionMessages ebs.view.NewCustomer

Host: Intel(R) Core(TM) i7-8750H CPU @ 2.20GHz, 12 cores, 15G,  Windows 10 , 64 bit Build 22621 (10.0.22621.755)
Time: Tue Nov 15 15:32:38 2022 Eastern Standard Time elapsed time: 0.015772 seconds (0d 0h 0m 0s)

---------------  T H R E A D  ---------------

Current thread (0x000001e689a6c270):  JavaThread "Unknown thread" [_thread_in_vm, id=21400, stack(0x0000006057100000,0x0000006057200000)]

Stack: [0x0000006057100000,0x0000006057200000]
Native frames: (J=compiled Java code, j=interpreted, Vv=VM code, C=native code)
V  [jvm.dll+0x66fa1a]
V  [jvm.dll+0x7ce5a4]
V  [jvm.dll+0x7cfd4e]
V  [jvm.dll+0x7d03b3]
V  [jvm.dll+0x242b05]
V  [jvm.dll+0x66ca39]
V  [jvm.dll+0x661502]
V  [jvm.dll+0x30081b]
V  [jvm.dll+0x307da6]
V  [jvm.dll+0x357a1e]
V  [jvm.dll+0x357c4f]
V  [jvm.dll+0x2d7ad8]
V  [jvm.dll+0x2d8a44]
V  [jvm.dll+0x7a01e1]
V  [jvm.dll+0x365791]
V  [jvm.dll+0x77f6cc]
V  [jvm.dll+0x3e812f]
V  [jvm.dll+0x3e9bd1]
C  [jli.dll+0x527b]
C  [ucrtbase.dll+0x29363]
C  [KERNEL32.DLL+0x1244d]
C  [ntdll.dll+0x5dfb8]


---------------  P R O C E S S  ---------------

Threads class SMR info:
_java_thread_list=0x00007ff950ec7818, length=0, elements={
}

Java Threads: ( => current thread )

Other Threads:
  0x000001e689aba2e0 GCTaskThread "GC Thread#0" [stack: 0x0000006057200000,0x0000006057300000] [id=22808]
  0x000001e689acb030 ConcurrentGCThread "G1 Main Marker" [stack: 0x0000006057300000,0x0000006057400000] [id=4720]
  0x000001e689acc340 ConcurrentGCThread "G1 Conc#0" [stack: 0x0000006057400000,0x0000006057500000] [id=24844]

[error occurred during error reporting (printing all threads), id 0xc0000005, EXCEPTION_ACCESS_VIOLATION (0xc0000005) at pc=0x00007ff9507184b7]

VM state: not at safepoint (not fully initialized)

VM Mutex/Monitor currently owned by a thread:  ([mutex/lock_event])
[0x000001e689a66ad0] Heap_lock - owner thread: 0x000001e689a6c270

Heap address: 0x0000000701e00000, size: 4066 MB, Compressed Oops mode: Zero based, Oop shift amount: 3

CDS archive(s) mapped at: [0x0000000000000000-0x0000000000000000-0x0000000000000000), size 0, SharedBaseAddress: 0x0000000800000000, ArchiveRelocationMode: 0.
Narrow klass base: 0x0000000000000000, Narrow klass shift: 0, Narrow klass range: 0x0

GC Precious Log:
<Empty>

Heap:
 garbage-first heap   total 0K, used 0K [0x0000000701e00000, 0x0000000800000000)
  region size 2048K, 0 young (0K), 0 survivors (0K)

[error occurred during error reporting (printing heap information), id 0xc0000005, EXCEPTION_ACCESS_VIOLATION (0xc0000005) at pc=0x00007ff950af8d89]

GC Heap History (0 events):
No events

Deoptimization events (0 events):
No events

Classes unloaded (0 events):
No events

Classes redefined (0 events):
No events

Internal exceptions (0 events):
No events

VM Operations (0 events):
No events

Events (1 events):
Event: 0.011 Loaded shared library C:\Program Files\Java\jdk-17.0.1\bin\java.dll


Dynamic libraries:
0x00007ff7e0b90000 - 0x00007ff7e0ba0000 	C:\Program Files\Java\jdk-17.0.1\bin\javaw.exe
0x00007ff9dd990000 - 0x00007ff9ddba4000 	C:\WINDOWS\SYSTEM32\ntdll.dll
0x00007ff9dd020000 - 0x00007ff9dd0e2000 	C:\WINDOWS\System32\KERNEL32.DLL
0x00007ff9dadc0000 - 0x00007ff9db15d000 	C:\WINDOWS\System32\KERNELBASE.dll
0x00007ff9db430000 - 0x00007ff9db541000 	C:\WINDOWS\System32\ucrtbase.dll
0x00007ff9b1440000 - 0x00007ff9b1458000 	C:\Program Files\Java\jdk-17.0.1\bin\jli.dll
0x00007ff9a5570000 - 0x00007ff9a558a000 	C:\Program Files\Java\jdk-17.0.1\bin\VCRUNTIME140.dll
0x00007ff9dd330000 - 0x00007ff9dd3de000 	C:\WINDOWS\System32\ADVAPI32.dll
0x00007ff9dd210000 - 0x00007ff9dd2b7000 	C:\WINDOWS\System32\msvcrt.dll
0x00007ff9dd740000 - 0x00007ff9dd7e4000 	C:\WINDOWS\System32\sechost.dll
0x00007ff9db790000 - 0x00007ff9db8a5000 	C:\WINDOWS\System32\RPCRT4.dll
0x00007ff9dce30000 - 0x00007ff9dcfda000 	C:\WINDOWS\System32\USER32.dll
0x00007ff9db5f0000 - 0x00007ff9db616000 	C:\WINDOWS\System32\win32u.dll
0x00007ff9ba920000 - 0x00007ff9babae000 	C:\WINDOWS\WinSxS\amd64_microsoft.windows.common-controls_6595b64144ccf1df_6.0.22621.608_none_a9444ca7c10bb01d\COMCTL32.dll
0x00007ff9dd3e0000 - 0x00007ff9dd409000 	C:\WINDOWS\System32\GDI32.dll
0x00007ff9db2a0000 - 0x00007ff9db3b2000 	C:\WINDOWS\System32\gdi32full.dll
0x00007ff9db550000 - 0x00007ff9db5ea000 	C:\WINDOWS\System32\msvcp_win.dll
0x00007ff9d26b0000 - 0x00007ff9d26ba000 	C:\WINDOWS\SYSTEM32\VERSION.dll
0x00007ff9dcfe0000 - 0x00007ff9dd012000 	C:\WINDOWS\System32\IMM32.DLL
0x00007ff9c4240000 - 0x00007ff9c424c000 	C:\Program Files\Java\jdk-17.0.1\bin\vcruntime140_1.dll
0x00007ff993870000 - 0x00007ff9938fd000 	C:\Program Files\Java\jdk-17.0.1\bin\msvcp140.dll
0x00007ff950430000 - 0x00007ff950fee000 	C:\Program Files\Java\jdk-17.0.1\bin\server\jvm.dll
0x00007ff9dbe00000 - 0x00007ff9dbe08000 	C:\WINDOWS\System32\PSAPI.DLL
0x00007ff9d4030000 - 0x00007ff9d4039000 	C:\WINDOWS\SYSTEM32\WSOCK32.dll
0x00007ff9d26e0000 - 0x00007ff9d2714000 	C:\WINDOWS\SYSTEM32\WINMM.dll
0x00007ff9dc0c0000 - 0x00007ff9dc131000 	C:\WINDOWS\System32\WS2_32.dll
0x00007ff9d9ed0000 - 0x00007ff9d9ee8000 	C:\WINDOWS\SYSTEM32\kernel.appcore.dll
0x00007ff9c4230000 - 0x00007ff9c423a000 	C:\Program Files\Java\jdk-17.0.1\bin\jimage.dll
0x00007ff9d87e0000 - 0x00007ff9d8a0e000 	C:\WINDOWS\SYSTEM32\DBGHELP.DLL
0x00007ff9dba70000 - 0x00007ff9dbdfa000 	C:\WINDOWS\System32\combase.dll
0x00007ff9dd410000 - 0x00007ff9dd4e7000 	C:\WINDOWS\System32\OLEAUT32.dll
0x00007ff9c3dc0000 - 0x00007ff9c3df2000 	C:\WINDOWS\SYSTEM32\dbgcore.DLL
0x00007ff9db220000 - 0x00007ff9db29b000 	C:\WINDOWS\System32\bcryptPrimitives.dll
0x00007ff9bcc80000 - 0x00007ff9bcca5000 	C:\Program Files\Java\jdk-17.0.1\bin\java.dll

dbghelp: loaded successfully - version: 4.0.5 - missing functions: none
symbol engine: initialized successfully - sym options: 0x614 - pdb path: .;C:\Program Files\Java\jdk-17.0.1\bin;C:\WINDOWS\SYSTEM32;C:\WINDOWS\WinSxS\amd64_microsoft.windows.common-controls_6595b64144ccf1df_6.0.22621.608_none_a9444ca7c10bb01d;C:\Program Files\Java\jdk-17.0.1\bin\server

VM Arguments:
jvm_args: -Dfile.encoding=Cp1252 --module-path=C:\Program Files (x86)\MySQL\Connector J 8.0\mysql-connector-j-8.0.31.jar -XX:+ShowCodeDetailsInExceptionMessages 
java_command: ebs.view.NewCustomer
java_class_path (initial): C:\Users\Motta\Electricity_Company\Electricity_Billing_System\bin
Launcher Type: SUN_STANDARD

[Global flags]
     intx CICompilerCount                          = 4                                         {product} {ergonomic}
     uint ConcGCThreads                            = 3                                         {product} {ergonomic}
     uint G1ConcRefinementThreads                  = 10                                        {product} {ergonomic}
   size_t G1HeapRegionSize                         = 2097152                                   {product} {ergonomic}
    uintx GCDrainStackTargetSize                   = 64                                        {product} {ergonomic}
   size_t InitialHeapSize                          = 268435456                                 {product} {ergonomic}
   size_t MarkStackSize                            = 4194304                                   {product} {ergonomic}
   size_t MaxHeapSize                              = 4263510016                                {product} {ergonomic}
   size_t MinHeapDeltaBytes                        = 2097152                                   {product} {ergonomic}
   size_t MinHeapSize                              = 8388608                                   {product} {ergonomic}
    uintx NonNMethodCodeHeapSize                   = 5839372                                {pd product} {ergonomic}
    uintx NonProfiledCodeHeapSize                  = 122909434                              {pd product} {ergonomic}
    uintx ProfiledCodeHeapSize                     = 122909434                              {pd product} {ergonomic}
    uintx ReservedCodeCacheSize                    = 251658240                              {pd product} {ergonomic}
     bool SegmentedCodeCache                       = true                                      {product} {ergonomic}
     bool ShowCodeDetailsInExceptionMessages       = true                                   {manageable} {command line}
   size_t SoftMaxHeapSize                          = 4263510016                             {manageable} {ergonomic}
     bool UseCompressedClassPointers               = true                           {product lp64_product} {ergonomic}
     bool UseCompressedOops                        = true                           {product lp64_product} {ergonomic}
     bool UseG1GC                                  = true                                      {product} {ergonomic}
     bool UseLargePagesIndividualAllocation        = false                                  {pd product} {ergonomic}

Logging:
Log output configuration:
 #0: stdout all=warning uptime,level,tags
 #1: stderr all=off uptime,level,tags

Environment Variables:
PATH=C:/Program Files/Java/jdk-17.0.1/bin/server;C:/Program Files/Java/jdk-17.0.1/bin;C:\Python\Python3104\Scripts\;C:\Python\Python3104\;C:\Program Files\Common Files\Oracle\Java\javapath;C:\Windows\system32;C:\Windows;C:\Windows\System32\Wbem;C:\Windows\System32\WindowsPowerShell\v1.0\;C:\Windows\System32\OpenSSH\;C:\Program Files (x86)\NVIDIA Corporation\PhysX\Common;C:\WINDOWS\system32;C:\WINDOWS;C:\WINDOWS\System32\Wbem;C:\WINDOWS\System32\WindowsPowerShell\v1.0\;C:\WINDOWS\System32\OpenSSH\;C:\Program Files\Git\cmd;C:\Program Files\MySQL\MySQL Shell 8.0\bin\;C:\Users\Motta\AppData\Local\Microsoft\WindowsApps;;C:\VS Code\bin;C:\Users\Motta\eclipse\java-2021-12\eclipse;
USERNAME=Motta
OS=Windows_NT
PROCESSOR_IDENTIFIER=Intel64 Family 6 Model 158 Stepping 10, GenuineIntel



---------------  S Y S T E M  ---------------

OS:
 Windows 10 , 64 bit Build 22621 (10.0.22621.755)
OS uptime: 3 days 7:54 hours

CPU: total 12 (initial active 12) (6 cores per cpu, 2 threads per core) family 6 model 158 stepping 10 microcode 0xde, cx8, cmov, fxsr, ht, mmx, 3dnowpref, sse, sse2, sse3, ssse3, sse4.1, sse4.2, popcnt, lzcnt, tsc, tscinvbit, avx, avx2, aes, erms, clmul, bmi1, bmi2, adx, fma, vzeroupper, clflush, clflushopt

Memory: 4k page, system-wide physical 16257M (5025M free)
TotalPageFile size 31360M (AvailPageFile size 6M)
current process WorkingSet (physical memory assigned to process): 11M, peak: 11M
current process commit charge ("private bytes"): 64M, peak: 320M

vm_info: Java HotSpot(TM) 64-Bit Server VM (17.0.1+12-LTS-39) for windows-amd64 JRE (17.0.1+12-LTS-39), built on Sep 27 2021 18:41:35 by "mach5one" with MS VC++ 16.8 (VS2019)

END.
